TICKET: 33980 | TIME: 2025-12-03 11:27:35 | MESSAGE: Sent to: mtimofeev2720@gmail.com
Date: 2025-12-03 10:52:24
Message:
Hello world
TICKET: 20160 | TIME: 2025-12-03 11:27:35 | MESSAGE: Sent to: mtimofeev2720@gmail.com
Date: 2025-12-03 11:01:43
Message:
Hello world jlskadg fkdjsagl gsahlkdf fgahlds
TICKET: 25773 | TIME: 2025-12-03 11:27:36 | MESSAGE: Sent to: mtimofeev2720@gmail.com
Date: 2025-12-03 11:08:05
Message:
adspof jgdsaijgo sdjg posdajgp jspdag
TICKET: 89124 | TIME: 2025-12-03 11:30:14 | MESSAGE: Sent to: mtimofeev2720@gmail.com
Date: 2025-12-03 11:30:03
Message:
1234567 890
TICKET: 12430 | TIME: 2025-12-17 11:41:36 | MESSAGE: Sent to: kk23052007@gmail.com
Date: 2025-12-17 11:41:28
Message:
fsfdffdvdv v vfd vdvf vf vf fvf vvfd
